This is pdfTeX, Version 3.141592-1.40.3 (Web2C 7.5.6) (format=pdflatex 2009.2.7)  11 MAY 2009 02:58
entering extended mode
**final.tex
(./final.tex
LaTeX2e <2005/12/01>
Babel <v3.8h> and hyphenation patterns for english, usenglishmax, dumylang, noh
yphenation, arabic, basque, bulgarian, coptic, welsh, czech, slovak, german, ng
erman, danish, esperanto, spanish, catalan, galician, estonian, farsi, finnish,
 french, greek, monogreek, ancientgreek, croatian, hungarian, interlingua, ibyc
us, indonesian, icelandic, italian, latin, mongolian, dutch, norsk, polish, por
tuguese, pinyin, romanian, russian, slovenian, uppersorbian, serbian, swedish, 
turkish, ukenglish, ukrainian, loaded.
(/opt/local/share/texmf-dist/tex/latex/base/article.cls
Document Class: article 2005/09/16 v1.4f Standard LaTeX document class
(/opt/local/share/texmf-dist/tex/latex/base/size10.clo
File: size10.clo 2005/09/16 v1.4f Standard LaTeX file (size option)
)
\c@part=\count79
\c@section=\count80
\c@subsection=\count81
\c@subsubsection=\count82
\c@paragraph=\count83
\c@subparagraph=\count84
\c@figure=\count85
\c@table=\count86
\abovecaptionskip=\skip41
\belowcaptionskip=\skip42
\bibindent=\dimen102
)
(/opt/local/share/texmf-dist/tex/latex/float/float.sty
Package: float 2001/11/08 v1.3d Float enhancements (AL)
\c@float@type=\count87
\float@exts=\toks14
\float@box=\box26
\@float@everytoks=\toks15
\@floatcapt=\box27
) (./usenix.sty
(/opt/local/share/texmf-dist/tex/latex/psnfss/times.sty
Package: times 2005/04/12 PSNFSS-v9.2a (SPQR) 
))
(/opt/local/share/texmf-dist/tex/latex/graphics/epsfig.sty
Package: epsfig 1999/02/16 v1.7a (e)psfig emulation (SPQR)

(/opt/local/share/texmf-dist/tex/latex/graphics/graphicx.sty
Package: graphicx 1999/02/16 v1.0f Enhanced LaTeX Graphics (DPC,SPQR)

(/opt/local/share/texmf-dist/tex/latex/graphics/keyval.sty
Package: keyval 1999/03/16 v1.13 key=value parser (DPC)
\KV@toks@=\toks16
)
(/opt/local/share/texmf-dist/tex/latex/graphics/graphics.sty
Package: graphics 2006/02/20 v1.0o Standard LaTeX Graphics (DPC,SPQR)

(/opt/local/share/texmf-dist/tex/latex/graphics/trig.sty
Package: trig 1999/03/16 v1.09 sin cos tan (DPC)
)
(/opt/local/share/texmf/tex/latex/config/graphics.cfg
File: graphics.cfg 2007/01/18 v1.5 graphics configuration of teTeX/TeXLive
)
Package graphics Info: Driver file: pdftex.def on input line 90.

(/opt/local/share/texmf-dist/tex/latex/pdftex-def/pdftex.def
File: pdftex.def 2007/01/08 v0.04d Graphics/color for pdfTeX
\Gread@gobject=\count88
))
\Gin@req@height=\dimen103
\Gin@req@width=\dimen104
)
\epsfxsize=\dimen105
\epsfysize=\dimen106
)
(/opt/local/share/texmf-dist/tex/latex/ltxmisc/endnotes.sty
\c@endnote=\count89
\endnotesep=\dimen107
\@enotes=\write3
) (./final.aux)
\openout1 = `final.aux'.

LaTeX Font Info:    Checking defaults for OML/cmm/m/it on input line 25.
LaTeX Font Info:    ... okay on input line 25.
LaTeX Font Info:    Checking defaults for T1/cmr/m/n on input line 25.
LaTeX Font Info:    ... okay on input line 25.
LaTeX Font Info:    Checking defaults for OT1/cmr/m/n on input line 25.
LaTeX Font Info:    ... okay on input line 25.
LaTeX Font Info:    Checking defaults for OMS/cmsy/m/n on input line 25.
LaTeX Font Info:    ... okay on input line 25.
LaTeX Font Info:    Checking defaults for OMX/cmex/m/n on input line 25.
LaTeX Font Info:    ... okay on input line 25.
LaTeX Font Info:    Checking defaults for U/cmr/m/n on input line 25.
LaTeX Font Info:    ... okay on input line 25.
LaTeX Font Info:    Try loading font information for OT1+ptm on input line 25.

(/opt/local/share/texmf-dist/tex/latex/psnfss/ot1ptm.fd
File: ot1ptm.fd 2001/06/04 font definitions for OT1/ptm.
)
(/opt/local/share/texmf-dist/tex/context/base/supp-pdf.tex
[Loading MPS to PDF converter (version 2006.09.02).]
\scratchcounter=\count90
\scratchdimen=\dimen108
\scratchbox=\box28
\nofMPsegments=\count91
\nofMParguments=\count92
\MPscratchCnt=\count93
\MPscratchDim=\dimen109
\MPnumerator=\count94
\everyMPtoPDFconversion=\toks17
)
LaTeX Font Info:    Font shape `OT1/ptm/bx/n' in size <14.4> not available
(Font)              Font shape `OT1/ptm/b/n' tried instead on input line 43.
LaTeX Font Info:    External font `cmex10' loaded for size
(Font)              <12> on input line 43.
LaTeX Font Info:    External font `cmex10' loaded for size
(Font)              <8> on input line 43.
LaTeX Font Info:    External font `cmex10' loaded for size
(Font)              <6> on input line 43.
LaTeX Font Info:    Font shape `OT1/ptm/bx/n' in size <12> not available
(Font)              Font shape `OT1/ptm/b/n' tried instead on input line 49.
 <system-architecture.png, id=1, 609.27625pt x 229.85875pt>
File: system-architecture.png Graphic file (type png)

<use system-architecture.png> [1{/opt/local/share/texmf/fonts/map/pdftex/updmap
/pdftex.map}


] <code.png, id=9, 269.005pt x 261.97874pt>
File: code.png Graphic file (type png)
 <use code.png>
Missing character: There is no â in font ptmr7t!
Missing character: There is no € in font ptmr7t!
Missing character: There is no ™ in font ptmr7t!
 [2 <./system-architecture.png (PNG copy)>]
<ga-combination.png, id=13, 419.5675pt x 434.62375pt>
File: ga-combination.png Graphic file (type png)
 <use ga-combination.png>
Underfull \hbox (badness 1430) in paragraph at lines 109--110
\OT1/ptm/m/n/10 de-vice driver which works with re-or-ga-nized blocks
 []

[3 <./code.png (PNG copy)> <./ga-combination.png (PNG copy)>]
LaTeX Font Info:    External font `cmex10' loaded for size
(Font)              <7> on input line 130.
LaTeX Font Info:    External font `cmex10' loaded for size
(Font)              <5> on input line 130.
LaTeX Font Info:    Font shape `OT1/ptm/bx/n' in size <10> not available
(Font)              Font shape `OT1/ptm/b/n' tried instead on input line 132.

<ScenarioChart.png, id=17, 977.6525pt x 582.175pt>
File: ScenarioChart.png Graphic file (type png)
 <use ScenarioChart.png>
[4]
Underfull \vbox (badness 1158) has occurred while \output is active []


Underfull \vbox (badness 10000) has occurred while \output is active []

 [5 <./ScenarioChart.png (PNG copy)>] (./final.bbl) [6] (./final.aux) ) 
Here is how much of TeX's memory you used:
 1095 strings out of 94073
 13952 string characters out of 1164798
 65369 words of memory out of 1500000
 4392 multiletter control sequences out of 10000+50000
 21608 words of font info for 42 fonts, out of 1200000 for 2000
 645 hyphenation exceptions out of 8191
 32i,8n,21p,1730b,245s stack positions out of 5000i,500n,6000p,200000b,5000s
{/opt/lo
cal/share/texmf-dist/fonts/enc/dvips/base/8r.enc}</opt/local/share/texmf-dist/f
onts/type1/bluesky/cm/cmsy10.pfb></opt/local/share/texmf-dist/fonts/type1/urw/t
imes/utmb8a.pfb></opt/local/share/texmf-dist/fonts/type1/urw/times/utmr8a.pfb><
/opt/local/share/texmf-dist/fonts/type1/urw/times/utmri8a.pfb>
Output written on final.pdf (6 pages, 157541 bytes).
PDF statistics:
 42 PDF objects out of 1000 (max. 8388607)
 0 named destinations out of 1000 (max. 131072)
 21 words of extra memory for PDF output out of 10000 (max. 10000000)

